Analysis & Synthesis report for project03
Thu Jan 16 13:49:25 2020
Quartus II 64-Bit Version 13.1.0 Build 162 10/23/2013 SJ Web Edition


---------------------
; Table of Contents ;
---------------------
  1. Legal Notice
  2. Analysis & Synthesis Summary
  3. Analysis & Synthesis Settings
  4. Parallel Compilation
  5. Analysis & Synthesis Source Files Read
  6. Analysis & Synthesis Resource Usage Summary
  7. Analysis & Synthesis Resource Utilization by Entity
  8. General Register Statistics
  9. Port Connectivity Checks: "ALU32bit:add_operation|ALU1bit:for_less"
 10. Port Connectivity Checks: "ALU32bit:add_operation|ALU1bit:for_set_op"
 11. Port Connectivity Checks: "ALU32bit:add_operation|ALU1bit:for_bit_31"
 12. Port Connectivity Checks: "ALU32bit:add_operation|ALU1bit:for_bit_30"
 13. Port Connectivity Checks: "ALU32bit:add_operation|ALU1bit:for_bit_29"
 14. Port Connectivity Checks: "ALU32bit:add_operation|ALU1bit:for_bit_28"
 15. Port Connectivity Checks: "ALU32bit:add_operation|ALU1bit:for_bit_27"
 16. Port Connectivity Checks: "ALU32bit:add_operation|ALU1bit:for_bit_26"
 17. Port Connectivity Checks: "ALU32bit:add_operation|ALU1bit:for_bit_25"
 18. Port Connectivity Checks: "ALU32bit:add_operation|ALU1bit:for_bit_24"
 19. Port Connectivity Checks: "ALU32bit:add_operation|ALU1bit:for_bit_23"
 20. Port Connectivity Checks: "ALU32bit:add_operation|ALU1bit:for_bit_22"
 21. Port Connectivity Checks: "ALU32bit:add_operation|ALU1bit:for_bit_21"
 22. Port Connectivity Checks: "ALU32bit:add_operation|ALU1bit:for_bit_20"
 23. Port Connectivity Checks: "ALU32bit:add_operation|ALU1bit:for_bit_19"
 24. Port Connectivity Checks: "ALU32bit:add_operation|ALU1bit:for_bit_18"
 25. Port Connectivity Checks: "ALU32bit:add_operation|ALU1bit:for_bit_17"
 26. Port Connectivity Checks: "ALU32bit:add_operation|ALU1bit:for_bit_16"
 27. Port Connectivity Checks: "ALU32bit:add_operation|ALU1bit:for_bit_15"
 28. Port Connectivity Checks: "ALU32bit:add_operation|ALU1bit:for_bit_14"
 29. Port Connectivity Checks: "ALU32bit:add_operation|ALU1bit:for_bit_13"
 30. Port Connectivity Checks: "ALU32bit:add_operation|ALU1bit:for_bit_12"
 31. Port Connectivity Checks: "ALU32bit:add_operation|ALU1bit:for_bit_11"
 32. Port Connectivity Checks: "ALU32bit:add_operation|ALU1bit:for_bit_10"
 33. Port Connectivity Checks: "ALU32bit:add_operation|ALU1bit:for_bit_9"
 34. Port Connectivity Checks: "ALU32bit:add_operation|ALU1bit:for_bit_8"
 35. Port Connectivity Checks: "ALU32bit:add_operation|ALU1bit:for_bit_7"
 36. Port Connectivity Checks: "ALU32bit:add_operation|ALU1bit:for_bit_6"
 37. Port Connectivity Checks: "ALU32bit:add_operation|ALU1bit:for_bit_5"
 38. Port Connectivity Checks: "ALU32bit:add_operation|ALU1bit:for_bit_4"
 39. Port Connectivity Checks: "ALU32bit:add_operation|ALU1bit:for_bit_3"
 40. Port Connectivity Checks: "ALU32bit:add_operation|ALU1bit:for_bit_2"
 41. Port Connectivity Checks: "ALU32bit:add_operation|ALU1bit:for_bit_1"
 42. Port Connectivity Checks: "ALU32bit:add_operation|ALU1bit:for_bit_0"
 43. Port Connectivity Checks: "ALU32bit:add_operation"
 44. Elapsed Time Per Partition
 45. Analysis & Synthesis Messages



----------------
; Legal Notice ;
----------------
Copyright (C) 1991-2013 Altera Corporation
Your use of Altera Corporation's design tools, logic functions 
and other software and tools, and its AMPP partner logic 
functions, and any output files from any of the foregoing 
(including device programming or simulation files), and any 
associated documentation or information are expressly subject 
to the terms and conditions of the Altera Program License 
Subscription Agreement, Altera MegaCore Function License 
Agreement, or other applicable license agreement, including, 
without limitation, that your use is for the sole purpose of 
programming logic devices manufactured by Altera and sold by 
Altera or its authorized distributors.  Please refer to the 
applicable agreement for further details.



+---------------------------------------------------------------------------------+
; Analysis & Synthesis Summary                                                    ;
+------------------------------------+--------------------------------------------+
; Analysis & Synthesis Status        ; Successful - Thu Jan 16 13:49:25 2020      ;
; Quartus II 64-Bit Version          ; 13.1.0 Build 162 10/23/2013 SJ Web Edition ;
; Revision Name                      ; project03                                  ;
; Top-level Entity Name              ; MIPS_32bit                                 ;
; Family                             ; Cyclone III                                ;
; Total logic elements               ; 0                                          ;
;     Total combinational functions  ; 0                                          ;
;     Dedicated logic registers      ; 0                                          ;
; Total registers                    ; 0                                          ;
; Total pins                         ; 1                                          ;
; Total virtual pins                 ; 0                                          ;
; Total memory bits                  ; 0                                          ;
; Embedded Multiplier 9-bit elements ; 0                                          ;
; Total PLLs                         ; 0                                          ;
+------------------------------------+--------------------------------------------+


+----------------------------------------------------------------------------------------------------------------------+
; Analysis & Synthesis Settings                                                                                        ;
+----------------------------------------------------------------------------+--------------------+--------------------+
; Option                                                                     ; Setting            ; Default Value      ;
+----------------------------------------------------------------------------+--------------------+--------------------+
; Device                                                                     ; EP3C16F484C6       ;                    ;
; Top-level entity name                                                      ; MIPS_32bit         ; project03          ;
; Family name                                                                ; Cyclone III        ; Cyclone IV GX      ;
; Use smart compilation                                                      ; Off                ; Off                ;
; Enable parallel Assembler and TimeQuest Timing Analyzer during compilation ; On                 ; On                 ;
; Enable compact report table                                                ; Off                ; Off                ;
; Restructure Multiplexers                                                   ; Auto               ; Auto               ;
; Create Debugging Nodes for IP Cores                                        ; Off                ; Off                ;
; Preserve fewer node names                                                  ; On                 ; On                 ;
; Disable OpenCore Plus hardware evaluation                                  ; Off                ; Off                ;
; Verilog Version                                                            ; Verilog_2001       ; Verilog_2001       ;
; VHDL Version                                                               ; VHDL_1993          ; VHDL_1993          ;
; State Machine Processing                                                   ; Auto               ; Auto               ;
; Safe State Machine                                                         ; Off                ; Off                ;
; Extract Verilog State Machines                                             ; On                 ; On                 ;
; Extract VHDL State Machines                                                ; On                 ; On                 ;
; Ignore Verilog initial constructs                                          ; Off                ; Off                ;
; Iteration limit for constant Verilog loops                                 ; 5000               ; 5000               ;
; Iteration limit for non-constant Verilog loops                             ; 250                ; 250                ;
; Add Pass-Through Logic to Inferred RAMs                                    ; On                 ; On                 ;
; Infer RAMs from Raw Logic                                                  ; On                 ; On                 ;
; Parallel Synthesis                                                         ; On                 ; On                 ;
; DSP Block Balancing                                                        ; Auto               ; Auto               ;
; NOT Gate Push-Back                                                         ; On                 ; On                 ;
; Power-Up Don't Care                                                        ; On                 ; On                 ;
; Remove Redundant Logic Cells                                               ; Off                ; Off                ;
; Remove Duplicate Registers                                                 ; On                 ; On                 ;
; Ignore CARRY Buffers                                                       ; Off                ; Off                ;
; Ignore CASCADE Buffers                                                     ; Off                ; Off                ;
; Ignore GLOBAL Buffers                                                      ; Off                ; Off                ;
; Ignore ROW GLOBAL Buffers                                                  ; Off                ; Off                ;
; Ignore LCELL Buffers                                                       ; Off                ; Off                ;
; Ignore SOFT Buffers                                                        ; On                 ; On                 ;
; Limit AHDL Integers to 32 Bits                                             ; Off                ; Off                ;
; Optimization Technique                                                     ; Balanced           ; Balanced           ;
; Carry Chain Length                                                         ; 70                 ; 70                 ;
; Auto Carry Chains                                                          ; On                 ; On                 ;
; Auto Open-Drain Pins                                                       ; On                 ; On                 ;
; Perform WYSIWYG Primitive Resynthesis                                      ; Off                ; Off                ;
; Auto ROM Replacement                                                       ; On                 ; On                 ;
; Auto RAM Replacement                                                       ; On                 ; On                 ;
; Auto DSP Block Replacement                                                 ; On                 ; On                 ;
; Auto Shift Register Replacement                                            ; Auto               ; Auto               ;
; Allow Shift Register Merging across Hierarchies                            ; Auto               ; Auto               ;
; Auto Clock Enable Replacement                                              ; On                 ; On                 ;
; Strict RAM Replacement                                                     ; Off                ; Off                ;
; Allow Synchronous Control Signals                                          ; On                 ; On                 ;
; Force Use of Synchronous Clear Signals                                     ; Off                ; Off                ;
; Auto RAM Block Balancing                                                   ; On                 ; On                 ;
; Auto RAM to Logic Cell Conversion                                          ; Off                ; Off                ;
; Auto Resource Sharing                                                      ; Off                ; Off                ;
; Allow Any RAM Size For Recognition                                         ; Off                ; Off                ;
; Allow Any ROM Size For Recognition                                         ; Off                ; Off                ;
; Allow Any Shift Register Size For Recognition                              ; Off                ; Off                ;
; Use LogicLock Constraints during Resource Balancing                        ; On                 ; On                 ;
; Ignore translate_off and synthesis_off directives                          ; Off                ; Off                ;
; Timing-Driven Synthesis                                                    ; On                 ; On                 ;
; Report Parameter Settings                                                  ; On                 ; On                 ;
; Report Source Assignments                                                  ; On                 ; On                 ;
; Report Connectivity Checks                                                 ; On                 ; On                 ;
; Ignore Maximum Fan-Out Assignments                                         ; Off                ; Off                ;
; Synchronization Register Chain Length                                      ; 2                  ; 2                  ;
; PowerPlay Power Optimization                                               ; Normal compilation ; Normal compilation ;
; HDL message level                                                          ; Level2             ; Level2             ;
; Suppress Register Optimization Related Messages                            ; Off                ; Off                ;
; Number of Removed Registers Reported in Synthesis Report                   ; 5000               ; 5000               ;
; Number of Swept Nodes Reported in Synthesis Report                         ; 5000               ; 5000               ;
; Number of Inverted Registers Reported in Synthesis Report                  ; 100                ; 100                ;
; Clock MUX Protection                                                       ; On                 ; On                 ;
; Auto Gated Clock Conversion                                                ; Off                ; Off                ;
; Block Design Naming                                                        ; Auto               ; Auto               ;
; SDC constraint protection                                                  ; Off                ; Off                ;
; Synthesis Effort                                                           ; Auto               ; Auto               ;
; Shift Register Replacement - Allow Asynchronous Clear Signal               ; On                 ; On                 ;
; Pre-Mapping Resynthesis Optimization                                       ; Off                ; Off                ;
; Analysis & Synthesis Message Level                                         ; Medium             ; Medium             ;
; Disable Register Merging Across Hierarchies                                ; Auto               ; Auto               ;
; Resource Aware Inference For Block RAM                                     ; On                 ; On                 ;
; Synthesis Seed                                                             ; 1                  ; 1                  ;
+----------------------------------------------------------------------------+--------------------+--------------------+


+------------------------------------------+
; Parallel Compilation                     ;
+----------------------------+-------------+
; Processors                 ; Number      ;
+----------------------------+-------------+
; Number detected on machine ; 8           ;
; Maximum allowed            ; 4           ;
;                            ;             ;
; Average used               ; 1.00        ;
; Maximum used               ; 1           ;
;                            ;             ;
; Usage by Processor         ; % Time Used ;
;     Processor 1            ; 100.0%      ;
;     Processors 2-8         ;   0.0%      ;
+----------------------------+-------------+


+---------------------------------------------------------------------------------------------------------------------------------------------------------------------------------------------+
; Analysis & Synthesis Source Files Read                                                                                                                                                      ;
+-------------------------------------+-----------------+------------------------+--------------------------------------------------------------------------------------------------+---------+
; File Name with User-Entered Path    ; Used in Netlist ; File Type              ; File Name with Absolute Path                                                                     ; Library ;
+-------------------------------------+-----------------+------------------------+--------------------------------------------------------------------------------------------------+---------+
; ZeroExtendImm_16bit_to_32bit.v      ; yes             ; User Verilog HDL File  ; C:/altera/13.1/workspace/org/hw3_new/1801042004_murat_yildiz/ZeroExtendImm_16bit_to_32bit.v      ;         ;
; SignExtendImm_16bit_to_32bit.v      ; yes             ; User Verilog HDL File  ; C:/altera/13.1/workspace/org/hw3_new/1801042004_murat_yildiz/SignExtendImm_16bit_to_32bit.v      ;         ;
; Registers_Unit_32bit.v              ; yes             ; User Verilog HDL File  ; C:/altera/13.1/workspace/org/hw3_new/1801042004_murat_yildiz/Registers_Unit_32bit.v              ;         ;
; mux32bit_4_1.v                      ; yes             ; User Verilog HDL File  ; C:/altera/13.1/workspace/org/hw3_new/1801042004_murat_yildiz/mux32bit_4_1.v                      ;         ;
; mux32bit_2_1.v                      ; yes             ; User Verilog HDL File  ; C:/altera/13.1/workspace/org/hw3_new/1801042004_murat_yildiz/mux32bit_2_1.v                      ;         ;
; mux4_1.v                            ; yes             ; User Verilog HDL File  ; C:/altera/13.1/workspace/org/hw3_new/1801042004_murat_yildiz/mux4_1.v                            ;         ;
; mux2_1.v                            ; yes             ; User Verilog HDL File  ; C:/altera/13.1/workspace/org/hw3_new/1801042004_murat_yildiz/mux2_1.v                            ;         ;
; MIPS_32bit.v                        ; yes             ; User Verilog HDL File  ; C:/altera/13.1/workspace/org/hw3_new/1801042004_murat_yildiz/MIPS_32bit.v                        ;         ;
; Immediate_16to32.v                  ; yes             ; User Verilog HDL File  ; C:/altera/13.1/workspace/org/hw3_new/1801042004_murat_yildiz/Immediate_16to32.v                  ;         ;
; Data_Memory_Unit_32bit.v            ; yes             ; User Verilog HDL File  ; C:/altera/13.1/workspace/org/hw3_new/1801042004_murat_yildiz/Data_Memory_Unit_32bit.v            ;         ;
; Control_Unit.v                      ; yes             ; User Verilog HDL File  ; C:/altera/13.1/workspace/org/hw3_new/1801042004_murat_yildiz/Control_Unit.v                      ;         ;
; ALU32bit.v                          ; yes             ; User Verilog HDL File  ; C:/altera/13.1/workspace/org/hw3_new/1801042004_murat_yildiz/ALU32bit.v                          ;         ;
; ALU1bit.v                           ; yes             ; User Verilog HDL File  ; C:/altera/13.1/workspace/org/hw3_new/1801042004_murat_yildiz/ALU1bit.v                           ;         ;
; _xor.v                              ; yes             ; User Verilog HDL File  ; C:/altera/13.1/workspace/org/hw3_new/1801042004_murat_yildiz/_xor.v                              ;         ;
; _8to32.v                            ; yes             ; User Verilog HDL File  ; C:/altera/13.1/workspace/org/hw3_new/1801042004_murat_yildiz/_8to32.v                            ;         ;
; Instruction_Memory_Unit_32bit.v     ; yes             ; User Verilog HDL File  ; C:/altera/13.1/workspace/org/hw3_new/1801042004_murat_yildiz/Instruction_Memory_Unit_32bit.v     ;         ;
; simulation/modelsim/instruction.mem ; yes             ; User Unspecified File  ; C:/altera/13.1/workspace/org/hw3_new/1801042004_murat_yildiz/simulation/modelsim/instruction.mem ;         ;
; simulation/modelsim/data.txt        ; yes             ; User File              ; C:/altera/13.1/workspace/org/hw3_new/1801042004_murat_yildiz/simulation/modelsim/data.txt        ;         ;
; simulation/modelsim/registers.mem   ; yes             ; User Unspecified File  ; C:/altera/13.1/workspace/org/hw3_new/1801042004_murat_yildiz/simulation/modelsim/registers.mem   ;         ;
+-------------------------------------+-----------------+------------------------+--------------------------------------------------------------------------------------------------+---------+


+-----------------------------------------------------+
; Analysis & Synthesis Resource Usage Summary         ;
+---------------------------------------------+-------+
; Resource                                    ; Usage ;
+---------------------------------------------+-------+
;                                             ;       ;
; Total combinational functions               ; 0     ;
; Logic element usage by number of LUT inputs ;       ;
;     -- 4 input functions                    ; 0     ;
;     -- 3 input functions                    ; 0     ;
;     -- <=2 input functions                  ; 0     ;
;                                             ;       ;
; Logic elements by mode                      ;       ;
;     -- normal mode                          ; 0     ;
;     -- arithmetic mode                      ; 0     ;
;                                             ;       ;
; Total registers                             ; 0     ;
;     -- Dedicated logic registers            ; 0     ;
;     -- I/O registers                        ; 0     ;
;                                             ;       ;
; I/O pins                                    ; 1     ;
; Embedded Multiplier 9-bit elements          ; 0     ;
; Maximum fan-out node                        ; clock ;
; Maximum fan-out                             ; 1     ;
; Total fan-out                               ; 1     ;
; Average fan-out                             ; 0.50  ;
+---------------------------------------------+-------+


+-----------------------------------------------------------------------------------------------------------------------------------------------------------------------------+
; Analysis & Synthesis Resource Utilization by Entity                                                                                                                         ;
+----------------------------+-------------------+--------------+-------------+--------------+---------+-----------+------+--------------+---------------------+--------------+
; Compilation Hierarchy Node ; LC Combinationals ; LC Registers ; Memory Bits ; DSP Elements ; DSP 9x9 ; DSP 18x18 ; Pins ; Virtual Pins ; Full Hierarchy Name ; Library Name ;
+----------------------------+-------------------+--------------+-------------+--------------+---------+-----------+------+--------------+---------------------+--------------+
; |MIPS_32bit                ; 0 (0)             ; 0 (0)        ; 0           ; 0            ; 0       ; 0         ; 1    ; 0            ; |MIPS_32bit         ; work         ;
+----------------------------+-------------------+--------------+-------------+--------------+---------+-----------+------+--------------+---------------------+--------------+
Note: For table entries with two numbers listed, the numbers in parentheses indicate the number of resources of the given type used by the specific entity alone. The numbers listed outside of parentheses indicate the total resources of the given type used by the specific entity and all of its sub-entities in the hierarchy.


+------------------------------------------------------+
; General Register Statistics                          ;
+----------------------------------------------+-------+
; Statistic                                    ; Value ;
+----------------------------------------------+-------+
; Total registers                              ; 0     ;
; Number of registers using Synchronous Clear  ; 0     ;
; Number of registers using Synchronous Load   ; 0     ;
; Number of registers using Asynchronous Clear ; 0     ;
; Number of registers using Asynchronous Load  ; 0     ;
; Number of registers using Clock Enable       ; 0     ;
; Number of registers using Preset             ; 0     ;
+----------------------------------------------+-------+


+----------------------------------------------------------------------------------------------------------------+
; Port Connectivity Checks: "ALU32bit:add_operation|ALU1bit:for_less"                                            ;
+------+--------+----------+-------------------------------------------------------------------------------------+
; Port ; Type   ; Severity ; Details                                                                             ;
+------+--------+----------+-------------------------------------------------------------------------------------+
; Cout ; Output ; Info     ; Connected to dangling logic. Logic that only feeds a dangling port will be removed. ;
+------+--------+----------+-------------------------------------------------------------------------------------+


+-----------------------------------------------------------------------------------------------------------------------+
; Port Connectivity Checks: "ALU32bit:add_operation|ALU1bit:for_set_op"                                                 ;
+-------------+--------+----------+-------------------------------------------------------------------------------------+
; Port        ; Type   ; Severity ; Details                                                                             ;
+-------------+--------+----------+-------------------------------------------------------------------------------------+
; Cout        ; Output ; Info     ; Connected to dangling logic. Logic that only feeds a dangling port will be removed. ;
; ALUop[2..1] ; Input  ; Info     ; Stuck at VCC                                                                        ;
; ALUop[0]    ; Input  ; Info     ; Stuck at GND                                                                        ;
; Less        ; Input  ; Info     ; Stuck at GND                                                                        ;
+-------------+--------+----------+-------------------------------------------------------------------------------------+


+-----------------------------------------------------------------------+
; Port Connectivity Checks: "ALU32bit:add_operation|ALU1bit:for_bit_31" ;
+------+-------+----------+---------------------------------------------+
; Port ; Type  ; Severity ; Details                                     ;
+------+-------+----------+---------------------------------------------+
; Less ; Input ; Info     ; Stuck at GND                                ;
+------+-------+----------+---------------------------------------------+


+-----------------------------------------------------------------------+
; Port Connectivity Checks: "ALU32bit:add_operation|ALU1bit:for_bit_30" ;
+------+-------+----------+---------------------------------------------+
; Port ; Type  ; Severity ; Details                                     ;
+------+-------+----------+---------------------------------------------+
; Less ; Input ; Info     ; Stuck at GND                                ;
+------+-------+----------+---------------------------------------------+


+-----------------------------------------------------------------------+
; Port Connectivity Checks: "ALU32bit:add_operation|ALU1bit:for_bit_29" ;
+------+-------+----------+---------------------------------------------+
; Port ; Type  ; Severity ; Details                                     ;
+------+-------+----------+---------------------------------------------+
; Less ; Input ; Info     ; Stuck at GND                                ;
+------+-------+----------+---------------------------------------------+


+-----------------------------------------------------------------------+
; Port Connectivity Checks: "ALU32bit:add_operation|ALU1bit:for_bit_28" ;
+------+-------+----------+---------------------------------------------+
; Port ; Type  ; Severity ; Details                                     ;
+------+-------+----------+---------------------------------------------+
; Less ; Input ; Info     ; Stuck at GND                                ;
+------+-------+----------+---------------------------------------------+


+-----------------------------------------------------------------------+
; Port Connectivity Checks: "ALU32bit:add_operation|ALU1bit:for_bit_27" ;
+------+-------+----------+---------------------------------------------+
; Port ; Type  ; Severity ; Details                                     ;
+------+-------+----------+---------------------------------------------+
; Less ; Input ; Info     ; Stuck at GND                                ;
+------+-------+----------+---------------------------------------------+


+-----------------------------------------------------------------------+
; Port Connectivity Checks: "ALU32bit:add_operation|ALU1bit:for_bit_26" ;
+------+-------+----------+---------------------------------------------+
; Port ; Type  ; Severity ; Details                                     ;
+------+-------+----------+---------------------------------------------+
; Less ; Input ; Info     ; Stuck at GND                                ;
+------+-------+----------+---------------------------------------------+


+-----------------------------------------------------------------------+
; Port Connectivity Checks: "ALU32bit:add_operation|ALU1bit:for_bit_25" ;
+------+-------+----------+---------------------------------------------+
; Port ; Type  ; Severity ; Details                                     ;
+------+-------+----------+---------------------------------------------+
; Less ; Input ; Info     ; Stuck at GND                                ;
+------+-------+----------+---------------------------------------------+


+-----------------------------------------------------------------------+
; Port Connectivity Checks: "ALU32bit:add_operation|ALU1bit:for_bit_24" ;
+------+-------+----------+---------------------------------------------+
; Port ; Type  ; Severity ; Details                                     ;
+------+-------+----------+---------------------------------------------+
; Less ; Input ; Info     ; Stuck at GND                                ;
+------+-------+----------+---------------------------------------------+


+-----------------------------------------------------------------------+
; Port Connectivity Checks: "ALU32bit:add_operation|ALU1bit:for_bit_23" ;
+------+-------+----------+---------------------------------------------+
; Port ; Type  ; Severity ; Details                                     ;
+------+-------+----------+---------------------------------------------+
; Less ; Input ; Info     ; Stuck at GND                                ;
+------+-------+----------+---------------------------------------------+


+-----------------------------------------------------------------------+
; Port Connectivity Checks: "ALU32bit:add_operation|ALU1bit:for_bit_22" ;
+------+-------+----------+---------------------------------------------+
; Port ; Type  ; Severity ; Details                                     ;
+------+-------+----------+---------------------------------------------+
; Less ; Input ; Info     ; Stuck at GND                                ;
+------+-------+----------+---------------------------------------------+


+-----------------------------------------------------------------------+
; Port Connectivity Checks: "ALU32bit:add_operation|ALU1bit:for_bit_21" ;
+------+-------+----------+---------------------------------------------+
; Port ; Type  ; Severity ; Details                                     ;
+------+-------+----------+---------------------------------------------+
; Less ; Input ; Info     ; Stuck at GND                                ;
+------+-------+----------+---------------------------------------------+


+-----------------------------------------------------------------------+
; Port Connectivity Checks: "ALU32bit:add_operation|ALU1bit:for_bit_20" ;
+------+-------+----------+---------------------------------------------+
; Port ; Type  ; Severity ; Details                                     ;
+------+-------+----------+---------------------------------------------+
; Less ; Input ; Info     ; Stuck at GND                                ;
+------+-------+----------+---------------------------------------------+


+-----------------------------------------------------------------------+
; Port Connectivity Checks: "ALU32bit:add_operation|ALU1bit:for_bit_19" ;
+------+-------+----------+---------------------------------------------+
; Port ; Type  ; Severity ; Details                                     ;
+------+-------+----------+---------------------------------------------+
; Less ; Input ; Info     ; Stuck at GND                                ;
+------+-------+----------+---------------------------------------------+


+-----------------------------------------------------------------------+
; Port Connectivity Checks: "ALU32bit:add_operation|ALU1bit:for_bit_18" ;
+------+-------+----------+---------------------------------------------+
; Port ; Type  ; Severity ; Details                                     ;
+------+-------+----------+---------------------------------------------+
; Less ; Input ; Info     ; Stuck at GND                                ;
+------+-------+----------+---------------------------------------------+


+-----------------------------------------------------------------------+
; Port Connectivity Checks: "ALU32bit:add_operation|ALU1bit:for_bit_17" ;
+------+-------+----------+---------------------------------------------+
; Port ; Type  ; Severity ; Details                                     ;
+------+-------+----------+---------------------------------------------+
; Less ; Input ; Info     ; Stuck at GND                                ;
+------+-------+----------+---------------------------------------------+


+-----------------------------------------------------------------------+
; Port Connectivity Checks: "ALU32bit:add_operation|ALU1bit:for_bit_16" ;
+------+-------+----------+---------------------------------------------+
; Port ; Type  ; Severity ; Details                                     ;
+------+-------+----------+---------------------------------------------+
; Less ; Input ; Info     ; Stuck at GND                                ;
+------+-------+----------+---------------------------------------------+


+-----------------------------------------------------------------------+
; Port Connectivity Checks: "ALU32bit:add_operation|ALU1bit:for_bit_15" ;
+------+-------+----------+---------------------------------------------+
; Port ; Type  ; Severity ; Details                                     ;
+------+-------+----------+---------------------------------------------+
; Less ; Input ; Info     ; Stuck at GND                                ;
+------+-------+----------+---------------------------------------------+


+-----------------------------------------------------------------------+
; Port Connectivity Checks: "ALU32bit:add_operation|ALU1bit:for_bit_14" ;
+------+-------+----------+---------------------------------------------+
; Port ; Type  ; Severity ; Details                                     ;
+------+-------+----------+---------------------------------------------+
; Less ; Input ; Info     ; Stuck at GND                                ;
+------+-------+----------+---------------------------------------------+


+-----------------------------------------------------------------------+
; Port Connectivity Checks: "ALU32bit:add_operation|ALU1bit:for_bit_13" ;
+------+-------+----------+---------------------------------------------+
; Port ; Type  ; Severity ; Details                                     ;
+------+-------+----------+---------------------------------------------+
; Less ; Input ; Info     ; Stuck at GND                                ;
+------+-------+----------+---------------------------------------------+


+-----------------------------------------------------------------------+
; Port Connectivity Checks: "ALU32bit:add_operation|ALU1bit:for_bit_12" ;
+------+-------+----------+---------------------------------------------+
; Port ; Type  ; Severity ; Details                                     ;
+------+-------+----------+---------------------------------------------+
; Less ; Input ; Info     ; Stuck at GND                                ;
+------+-------+----------+---------------------------------------------+


+-----------------------------------------------------------------------+
; Port Connectivity Checks: "ALU32bit:add_operation|ALU1bit:for_bit_11" ;
+------+-------+----------+---------------------------------------------+
; Port ; Type  ; Severity ; Details                                     ;
+------+-------+----------+---------------------------------------------+
; Less ; Input ; Info     ; Stuck at GND                                ;
+------+-------+----------+---------------------------------------------+


+-----------------------------------------------------------------------+
; Port Connectivity Checks: "ALU32bit:add_operation|ALU1bit:for_bit_10" ;
+------+-------+----------+---------------------------------------------+
; Port ; Type  ; Severity ; Details                                     ;
+------+-------+----------+---------------------------------------------+
; Less ; Input ; Info     ; Stuck at GND                                ;
+------+-------+----------+---------------------------------------------+


+----------------------------------------------------------------------+
; Port Connectivity Checks: "ALU32bit:add_operation|ALU1bit:for_bit_9" ;
+------+-------+----------+--------------------------------------------+
; Port ; Type  ; Severity ; Details                                    ;
+------+-------+----------+--------------------------------------------+
; Less ; Input ; Info     ; Stuck at GND                               ;
+------+-------+----------+--------------------------------------------+


+----------------------------------------------------------------------+
; Port Connectivity Checks: "ALU32bit:add_operation|ALU1bit:for_bit_8" ;
+------+-------+----------+--------------------------------------------+
; Port ; Type  ; Severity ; Details                                    ;
+------+-------+----------+--------------------------------------------+
; Less ; Input ; Info     ; Stuck at GND                               ;
+------+-------+----------+--------------------------------------------+


+----------------------------------------------------------------------+
; Port Connectivity Checks: "ALU32bit:add_operation|ALU1bit:for_bit_7" ;
+------+-------+----------+--------------------------------------------+
; Port ; Type  ; Severity ; Details                                    ;
+------+-------+----------+--------------------------------------------+
; Less ; Input ; Info     ; Stuck at GND                               ;
+------+-------+----------+--------------------------------------------+


+----------------------------------------------------------------------+
; Port Connectivity Checks: "ALU32bit:add_operation|ALU1bit:for_bit_6" ;
+------+-------+----------+--------------------------------------------+
; Port ; Type  ; Severity ; Details                                    ;
+------+-------+----------+--------------------------------------------+
; Less ; Input ; Info     ; Stuck at GND                               ;
+------+-------+----------+--------------------------------------------+


+----------------------------------------------------------------------+
; Port Connectivity Checks: "ALU32bit:add_operation|ALU1bit:for_bit_5" ;
+------+-------+----------+--------------------------------------------+
; Port ; Type  ; Severity ; Details                                    ;
+------+-------+----------+--------------------------------------------+
; Less ; Input ; Info     ; Stuck at GND                               ;
+------+-------+----------+--------------------------------------------+


+----------------------------------------------------------------------+
; Port Connectivity Checks: "ALU32bit:add_operation|ALU1bit:for_bit_4" ;
+------+-------+----------+--------------------------------------------+
; Port ; Type  ; Severity ; Details                                    ;
+------+-------+----------+--------------------------------------------+
; Less ; Input ; Info     ; Stuck at GND                               ;
+------+-------+----------+--------------------------------------------+


+----------------------------------------------------------------------+
; Port Connectivity Checks: "ALU32bit:add_operation|ALU1bit:for_bit_3" ;
+------+-------+----------+--------------------------------------------+
; Port ; Type  ; Severity ; Details                                    ;
+------+-------+----------+--------------------------------------------+
; Less ; Input ; Info     ; Stuck at GND                               ;
+------+-------+----------+--------------------------------------------+


+----------------------------------------------------------------------+
; Port Connectivity Checks: "ALU32bit:add_operation|ALU1bit:for_bit_2" ;
+------+-------+----------+--------------------------------------------+
; Port ; Type  ; Severity ; Details                                    ;
+------+-------+----------+--------------------------------------------+
; Less ; Input ; Info     ; Stuck at GND                               ;
+------+-------+----------+--------------------------------------------+


+----------------------------------------------------------------------+
; Port Connectivity Checks: "ALU32bit:add_operation|ALU1bit:for_bit_1" ;
+------+-------+----------+--------------------------------------------+
; Port ; Type  ; Severity ; Details                                    ;
+------+-------+----------+--------------------------------------------+
; Less ; Input ; Info     ; Stuck at GND                               ;
+------+-------+----------+--------------------------------------------+


+------------------------------------------------------------------------------------------------------------------+
; Port Connectivity Checks: "ALU32bit:add_operation|ALU1bit:for_bit_0"                                             ;
+--------+--------+----------+-------------------------------------------------------------------------------------+
; Port   ; Type   ; Severity ; Details                                                                             ;
+--------+--------+----------+-------------------------------------------------------------------------------------+
; result ; Output ; Info     ; Connected to dangling logic. Logic that only feeds a dangling port will be removed. ;
; Less   ; Input  ; Info     ; Stuck at GND                                                                        ;
+--------+--------+----------+-------------------------------------------------------------------------------------+


+--------------------------------------------------------------------------------------------------------------------+
; Port Connectivity Checks: "ALU32bit:add_operation"                                                                 ;
+----------+--------+----------+-------------------------------------------------------------------------------------+
; Port     ; Type   ; Severity ; Details                                                                             ;
+----------+--------+----------+-------------------------------------------------------------------------------------+
; Z        ; Output ; Info     ; Connected to dangling logic. Logic that only feeds a dangling port will be removed. ;
; V        ; Output ; Info     ; Connected to dangling logic. Logic that only feeds a dangling port will be removed. ;
; Cout     ; Output ; Info     ; Connected to dangling logic. Logic that only feeds a dangling port will be removed. ;
; ALUop[2] ; Input  ; Info     ; Stuck at GND                                                                        ;
; ALUop[1] ; Input  ; Info     ; Stuck at VCC                                                                        ;
; ALUop[0] ; Input  ; Info     ; Stuck at GND                                                                        ;
+----------+--------+----------+-------------------------------------------------------------------------------------+


+-------------------------------+
; Elapsed Time Per Partition    ;
+----------------+--------------+
; Partition Name ; Elapsed Time ;
+----------------+--------------+
; Top            ; 00:00:00     ;
+----------------+--------------+


+-------------------------------+
; Analysis & Synthesis Messages ;
+-------------------------------+
Info: *******************************************************************
Info: Running Quartus II 64-Bit Analysis & Synthesis
    Info: Version 13.1.0 Build 162 10/23/2013 SJ Web Edition
    Info: Processing started: Thu Jan 16 13:49:23 2020
Info: Command: quartus_map --read_settings_files=on --write_settings_files=off MIPS -c project03
Info (11104): Parallel Compilation has detected 8 hyper-threaded processors. However, the extra hyper-threaded processors will not be used by default. Parallel Compilation will use 4 of the 4 physical processors detected instead.
Info (12021): Found 1 design units, including 1 entities, in source file zeroextendimm_16bit_to_32bit_testbench.v
    Info (12023): Found entity 1: ZeroExtendImm_16bit_to_32bit_testbench
Info (12021): Found 1 design units, including 1 entities, in source file zeroextendimm_16bit_to_32bit.v
    Info (12023): Found entity 1: ZeroExtendImm_16bit_to_32bit
Info (12021): Found 1 design units, including 1 entities, in source file signextendimm_16bit_to_32bit_testbench.v
    Info (12023): Found entity 1: SignExtendImm_16bit_to_32bit_testbench
Info (12021): Found 1 design units, including 1 entities, in source file signextendimm_16bit_to_32bit.v
    Info (12023): Found entity 1: SignExtendImm_16bit_to_32bit
Warning (10274): Verilog HDL macro warning at Registers_Unit_32bit_testbench.v(2): overriding existing definition for macro "DELAY", which was defined in "ZeroExtendImm_16bit_to_32bit_testbench.v", line 2
Info (12021): Found 1 design units, including 1 entities, in source file registers_unit_32bit_testbench.v
    Info (12023): Found entity 1: Registers_Unit_32bit_testbench
Info (12021): Found 1 design units, including 1 entities, in source file registers_unit_32bit.v
    Info (12023): Found entity 1: Registers_Unit_32bit
Warning (10274): Verilog HDL macro warning at mux32bit_4_1_testbench.v(2): overriding existing definition for macro "DELAY", which was defined in "ZeroExtendImm_16bit_to_32bit_testbench.v", line 2
Info (12021): Found 1 design units, including 1 entities, in source file mux32bit_4_1_testbench.v
    Info (12023): Found entity 1: mux32bit_4_1_testbench
Info (12021): Found 1 design units, including 1 entities, in source file mux32bit_4_1.v
    Info (12023): Found entity 1: mux32bit_4_1
Info (12021): Found 1 design units, including 1 entities, in source file mux32bit_2_1_testbench.v
    Info (12023): Found entity 1: mux32bit_2_1_testbench
Info (12021): Found 1 design units, including 1 entities, in source file mux32bit_2_1.v
    Info (12023): Found entity 1: mux32bit_2_1
Info (12021): Found 1 design units, including 1 entities, in source file mux4_1_testbench.v
    Info (12023): Found entity 1: mux4_1_testbench
Info (12021): Found 1 design units, including 1 entities, in source file mux4_1.v
    Info (12023): Found entity 1: mux4_1
Info (12021): Found 1 design units, including 1 entities, in source file mux2_1_testbench.v
    Info (12023): Found entity 1: mux2_1_testbench
Info (12021): Found 1 design units, including 1 entities, in source file mux2_1.v
    Info (12023): Found entity 1: mux2_1
Warning (10274): Verilog HDL macro warning at MIPS_32bit_testbench.v(3): overriding existing definition for macro "DELAY", which was defined in "ZeroExtendImm_16bit_to_32bit_testbench.v", line 2
Info (12021): Found 1 design units, including 1 entities, in source file mips_32bit_testbench.v
    Info (12023): Found entity 1: MIPS_32bit_testbench
Info (12021): Found 1 design units, including 1 entities, in source file mips_32bit.v
    Info (12023): Found entity 1: MIPS_32bit
Warning (10274): Verilog HDL macro warning at Immediate_16to32_testbench.v(2): overriding existing definition for macro "DELAY", which was defined in "ZeroExtendImm_16bit_to_32bit_testbench.v", line 2
Info (12021): Found 1 design units, including 1 entities, in source file immediate_16to32_testbench.v
    Info (12023): Found entity 1: Immediate_16to32_testbench
Info (12021): Found 1 design units, including 1 entities, in source file immediate_16to32.v
    Info (12023): Found entity 1: Immediate_16to32
Warning (10274): Verilog HDL macro warning at Data_Memory_Unit_32bit_testbench.v(2): overriding existing definition for macro "DELAY", which was defined in "ZeroExtendImm_16bit_to_32bit_testbench.v", line 2
Info (12021): Found 1 design units, including 1 entities, in source file data_memory_unit_32bit_testbench.v
    Info (12023): Found entity 1: Data_Memory_Unit_32bit_testbench
Info (12021): Found 1 design units, including 1 entities, in source file data_memory_unit_32bit.v
    Info (12023): Found entity 1: Data_Memory_Unit_32bit
Warning (10274): Verilog HDL macro warning at Control_Unit_testbench.v(2): overriding existing definition for macro "DELAY", which was defined in "ZeroExtendImm_16bit_to_32bit_testbench.v", line 2
Info (12021): Found 1 design units, including 1 entities, in source file control_unit_testbench.v
    Info (12023): Found entity 1: Control_Unit_testbench
Info (12021): Found 1 design units, including 1 entities, in source file control_unit.v
    Info (12023): Found entity 1: Control_Unit
Info (12021): Found 1 design units, including 1 entities, in source file alu32bit_testbench.v
    Info (12023): Found entity 1: ALU32bit_testbench
Info (12021): Found 1 design units, including 1 entities, in source file alu32bit.v
    Info (12023): Found entity 1: ALU32bit
Info (12021): Found 1 design units, including 1 entities, in source file alu1bit_testbench.v
    Info (12023): Found entity 1: ALU1bit_testbench
Info (12021): Found 1 design units, including 1 entities, in source file alu1bit.v
    Info (12023): Found entity 1: ALU1bit
Info (12021): Found 1 design units, including 1 entities, in source file _xor_testbench.v
    Info (12023): Found entity 1: _xor_testbench
Info (12021): Found 1 design units, including 1 entities, in source file _xor.v
    Info (12023): Found entity 1: _xor
Info (12021): Found 1 design units, including 1 entities, in source file _8to32_testbench.v
    Info (12023): Found entity 1: _8to32_testbench
Info (12021): Found 1 design units, including 1 entities, in source file _8to32.v
    Info (12023): Found entity 1: _8to32
Info (12021): Found 1 design units, including 1 entities, in source file instruction_memory_unit_32bit_testbench.v
    Info (12023): Found entity 1: Instruction_Memory_Unit_32bit_testbench
Info (12021): Found 1 design units, including 1 entities, in source file instruction_memory_unit_32bit.v
    Info (12023): Found entity 1: Instruction_Memory_Unit_32bit
Info (12127): Elaborating entity "MIPS_32bit" for the top level hierarchy
Warning (10175): Verilog HDL warning at MIPS_32bit.v(73): ignoring unsupported system task
Info (12128): Elaborating entity "Instruction_Memory_Unit_32bit" for hierarchy "Instruction_Memory_Unit_32bit:get_Instruction"
Warning (10030): Net "Instruction_Memory.data_a" at Instruction_Memory_Unit_32bit.v(6) has no driver or initial value, using a default initial value '0'
Warning (10030): Net "Instruction_Memory.waddr_a" at Instruction_Memory_Unit_32bit.v(6) has no driver or initial value, using a default initial value '0'
Warning (10030): Net "Instruction_Memory.we_a" at Instruction_Memory_Unit_32bit.v(6) has no driver or initial value, using a default initial value '0'
Info (12128): Elaborating entity "Control_Unit" for hierarchy "Control_Unit:send_control_signals"
Info (12128): Elaborating entity "Registers_Unit_32bit" for hierarchy "Registers_Unit_32bit:read_or_write_to_registers"
Warning (10175): Verilog HDL warning at Registers_Unit_32bit.v(28): ignoring unsupported system task
Info (12128): Elaborating entity "ZeroExtendImm_16bit_to_32bit" for hierarchy "ZeroExtendImm_16bit_to_32bit:Zeroextend_16bit_immediate_to_32bit"
Info (12128): Elaborating entity "SignExtendImm_16bit_to_32bit" for hierarchy "SignExtendImm_16bit_to_32bit:Signextend_16bit_immediate_to_32bit"
Info (12128): Elaborating entity "Immediate_16to32" for hierarchy "Immediate_16to32:extend_16bit_immediate_to_32bit"
Info (12128): Elaborating entity "mux32bit_2_1" for hierarchy "mux32bit_2_1:selection_of_Alu_input"
Info (12128): Elaborating entity "mux2_1" for hierarchy "mux32bit_2_1:selection_of_Alu_input|mux2_1:output_0"
Info (12128): Elaborating entity "ALU32bit" for hierarchy "ALU32bit:add_operation"
Info (12128): Elaborating entity "ALU1bit" for hierarchy "ALU32bit:add_operation|ALU1bit:for_bit_0"
Info (12128): Elaborating entity "_xor" for hierarchy "ALU32bit:add_operation|ALU1bit:for_bit_0|_xor:decide_add_or_subtract"
Info (12128): Elaborating entity "mux4_1" for hierarchy "ALU32bit:add_operation|ALU1bit:for_bit_0|mux4_1:select"
Info (12128): Elaborating entity "Data_Memory_Unit_32bit" for hierarchy "Data_Memory_Unit_32bit:read_or_write_to_DataMemory"
Warning (10175): Verilog HDL warning at Data_Memory_Unit_32bit.v(36): ignoring unsupported system task
Warning (10240): Verilog HDL Always Construct warning at Data_Memory_Unit_32bit.v(21): inferring latch(es) for variable "Read_data", which holds its previous value in one or more paths through the always construct
Info (10041): Inferred latch for "Read_data[0]" at Data_Memory_Unit_32bit.v(21)
Info (10041): Inferred latch for "Read_data[1]" at Data_Memory_Unit_32bit.v(21)
Info (10041): Inferred latch for "Read_data[2]" at Data_Memory_Unit_32bit.v(21)
Info (10041): Inferred latch for "Read_data[3]" at Data_Memory_Unit_32bit.v(21)
Info (10041): Inferred latch for "Read_data[4]" at Data_Memory_Unit_32bit.v(21)
Info (10041): Inferred latch for "Read_data[5]" at Data_Memory_Unit_32bit.v(21)
Info (10041): Inferred latch for "Read_data[6]" at Data_Memory_Unit_32bit.v(21)
Info (10041): Inferred latch for "Read_data[7]" at Data_Memory_Unit_32bit.v(21)
Info (10041): Inferred latch for "Read_data[8]" at Data_Memory_Unit_32bit.v(21)
Info (10041): Inferred latch for "Read_data[9]" at Data_Memory_Unit_32bit.v(21)
Info (10041): Inferred latch for "Read_data[10]" at Data_Memory_Unit_32bit.v(21)
Info (10041): Inferred latch for "Read_data[11]" at Data_Memory_Unit_32bit.v(21)
Info (10041): Inferred latch for "Read_data[12]" at Data_Memory_Unit_32bit.v(21)
Info (10041): Inferred latch for "Read_data[13]" at Data_Memory_Unit_32bit.v(21)
Info (10041): Inferred latch for "Read_data[14]" at Data_Memory_Unit_32bit.v(21)
Info (10041): Inferred latch for "Read_data[15]" at Data_Memory_Unit_32bit.v(21)
Info (10041): Inferred latch for "Read_data[16]" at Data_Memory_Unit_32bit.v(21)
Info (10041): Inferred latch for "Read_data[17]" at Data_Memory_Unit_32bit.v(21)
Info (10041): Inferred latch for "Read_data[18]" at Data_Memory_Unit_32bit.v(21)
Info (10041): Inferred latch for "Read_data[19]" at Data_Memory_Unit_32bit.v(21)
Info (10041): Inferred latch for "Read_data[20]" at Data_Memory_Unit_32bit.v(21)
Info (10041): Inferred latch for "Read_data[21]" at Data_Memory_Unit_32bit.v(21)
Info (10041): Inferred latch for "Read_data[22]" at Data_Memory_Unit_32bit.v(21)
Info (10041): Inferred latch for "Read_data[23]" at Data_Memory_Unit_32bit.v(21)
Info (10041): Inferred latch for "Read_data[24]" at Data_Memory_Unit_32bit.v(21)
Info (10041): Inferred latch for "Read_data[25]" at Data_Memory_Unit_32bit.v(21)
Info (10041): Inferred latch for "Read_data[26]" at Data_Memory_Unit_32bit.v(21)
Info (10041): Inferred latch for "Read_data[27]" at Data_Memory_Unit_32bit.v(21)
Info (10041): Inferred latch for "Read_data[28]" at Data_Memory_Unit_32bit.v(21)
Info (10041): Inferred latch for "Read_data[29]" at Data_Memory_Unit_32bit.v(21)
Info (10041): Inferred latch for "Read_data[30]" at Data_Memory_Unit_32bit.v(21)
Info (10041): Inferred latch for "Read_data[31]" at Data_Memory_Unit_32bit.v(21)
Info (12128): Elaborating entity "_8to32" for hierarchy "_8to32:extend_Read_data_memory_8to32"
Info (12128): Elaborating entity "mux32bit_4_1" for hierarchy "mux32bit_4_1:selection_of_whichData_writeToRegisters"
Info (16010): Generating hard_block partition "hard_block:auto_generated_inst"
    Info (16011): Adding 0 node(s), including 0 DDIO, 0 PLL, 0 transceiver and 0 LCELL
Warning (21074): Design contains 1 input pin(s) that do not drive logic
    Warning (15610): No output dependent on input pin "clock"
Info (21057): Implemented 1 device resources after synthesis - the final resource count might be different
    Info (21058): Implemented 1 input pins
    Info (21059): Implemented 0 output pins
Info: Quartus II 64-Bit Analysis & Synthesis was successful. 0 errors, 15 warnings
    Info: Peak virtual memory: 4632 megabytes
    Info: Processing ended: Thu Jan 16 13:49:25 2020
    Info: Elapsed time: 00:00:02
    Info: Total CPU time (on all processors): 00:00:01


